-----------------------------------1种字符域名列表------------------------------------------------------
-----------------------------------2种字符域名列表------------------------------------------------------
iiiili.com
lllele.com
otooo.com
sssssm.com
wuwuu.com
-----------------------------------3种字符域名列表------------------------------------------------------
aapvp.com
aawaan.com
aiaapp.com
awwoo.com
baaao.com
bcbcyy.com
bfbpf.com
bmibm.com
buuluu.com
cbbbi.com
cbbbo.com
cbbnb.com
cbooc.com
cbssb.com
ccasc.com
ccbbcs.com
ccbcbj.com
ccbcgg.com
cccssw.com
cchyhy.com
cctutu.com
cczbb.com
ckckm.com
dcscd.com
dddmr.com
dddtg.com
ddyaa.com
diide.com
dxdxc.com
edudee.com
eedudu.com
eeepaa.com
evenee.com
fdcfc.com
fffvc.com
ffmmoo.com
fmfcfc.com
fssfn.com
fuffz.com
gabbg.com
gcbgcb.com
gellg.com
gggvc.com
hashaa.com
hexhe.com
hsyhy.com
iaiapp.com
ibnbb.com
ibnbi.com
idiyd.com
imeei.com
iugui.com
iuiux.com
ividiv.com
jbttt.com
jijixx.com
jjjbjy.com
jllqq.com
jxssxj.com
kjkjks.com
kkyym.com
kmmpp.com
lllko.com
llxaa.com
lolccc.com
lolllz.com
lummul.com
lyyjjj.com
lzllzs.com
mmmtoo.com
nlhnl.com
nncvvv.com
nnnom.com
nxxxq.com
oootx.com
pbpbw.com
pmbpm.com
pooqoo.com
pppct.com
pppgj.com
ppqgg.com
qyyyw.com
rrross.com
rrrvc.com
sawsaw.com
sdkkk.com
sggssi.com
skbsk.com
slhslh.com
ssajja.com
ssdada.com
suggg.com
sxsox.com
szsccc.com
tqott.com
tzwtw.com
vbibi.com
vvaacc.com
waqaqa.com
wddxx.com
wjwwx.com
wsssn.com
wuququ.com
xaxxtx.com
xccgc.com
xnxnh.com
xoxmo.com
xttjx.com
yccsc.com
yczyzz.com
yjsys.com
yyyts.com
zbjbj.com
zfjjz.com
-----------------------------------4种字符域名列表------------------------------------------------------
aanit.com
aavlfl.com
abahu.com
abaiy.com
abcbcd.com
abfae.com
acabbi.com
acesac.com
acggk.com
acrrp.com
adrrp.com
ahccx.com
ahheye.com
aiaimn.com
aibbp.com
aikjj.com
aiojia.com
ajzszs.com
akaasi.com
alaled.com
allcba.com
allifa.com
alluj.com
amgzg.com
amkuk.com
aomav.com
aonso.com
apoyoo.com
appwuu.com
arnaka.com
arohh.com
asjaf.com
assstr.com
atommm.com
augiii.com
aviinn.com
awbnb.com
axhall.com
aydccc.com
azzell.com
baacp.com
baahn.com
bacbau.com
bafua.com
bapaya.com
bbgjt.com
bbgme.com
bboyu.com
bbxhs.com
bcpca.com
bdhyb.com
bdtee.com
beedel.com
bhsws.com
bhyhr.com
biboli.com
biomoi.com
bjcdbc.com
bjsttt.com
blrsl.com
brboba.com
brucu.com
bsmas.com
bttwp.com
busbnb.com
bussh.com
cafif.com
cataii.com
cbban.com
cbbde.com
cbbdu.com
cbbei.com
cbbfo.com
cbbfu.com
cbbgu.com
cbbha.com
cbbhe.com
cbbji.com
cbbke.com
cbbmi.com
cbbmu.com
cbbpi.com
cbbvn.com
cbcdz.com
cbceh.com
cbcei.com
cbcek.com
cbcyi.com
cbczi.com
ccauy.com
ccbdxc.com
ccbimc.com
ccbkib.com
ccbmci.com
ccbmec.com
ccbnin.com
cccove.com
ccddjf.com
ccdydf.com
ccgsu.com
ccjbu.com
ccjsu.com
cckiu.com
ccosu.com
ccxdkc.com
ccxdss.com
ccyhi.com
ccyxu.com
cdcdjf.com
cdcdsj.com
cdcsjc.com
cdlczc.com
cdplp.com
cdwss.com
cdzic.com
cgpcb.com
chagag.com
chbhby.com
cickb.com
civei.com
cjssmm.com
cljjs.com
clnly.com
cmicb.com
cnacee.com
cnnda.com
cnnfa.com
cnwca.com
cnykc.com
cnzcr.com
cocxu.com
cooqu.com
cqaxcc.com
cqpzc.com
cqqyj.com
cqyqsc.com
craaw.com
crckw.com
cszzj.com
cuecn.com
cwwill.com
cxicbc.com
cxlhc.com
cybpc.com
cygny.com
czzmwz.com
dacece.com
dadze.com
dafdaz.com
dbvss.com
dcgyy.com
dcjck.com
ddbbcn.com
ddgps.com
ddior.com
dexeox.com
dfefa.com
dfxxi.com
dfzzw.com
dgbjj.com
dgjgjx.com
djbjr.com
djjst.com
djsssk.com
dmrom.com
dmwmh.com
dnfdk.com
dodby.com
doutuu.com
dpoom.com
dqscd.com
dsmsjm.com
dtgdti.com
dxwxb.com
dydhdc.com
dyyzj.com
ecccho.com
edbie.com
edmne.com
eeaqw.com
eeish.com
eekllp.com
eermel.com
ehedz.com
ekdokd.com
eksens.com
elaaan.com
elvvk.com
eoevr.com
eqzqp.com
erapea.com
ereall.com
erevar.com
eskko.com
etewg.com
etnyy.com
exxpox.com
fcggww.com
fctctg.com
feescc.com
fflib.com
fggjs.com
fhqcc.com
fidici.com
fittai.com
flazzl.com
flxjx.com
fsmsjj.com
fsnmf.com
fteye.com
ftpftb.com
funvu.com
furrus.com
fwokok.com
fwwse.com
fykgyg.com
fzzxy.com
gaesae.com
gavak.com
geoxox.com
gewse.com
gezbe.com
gfpapp.com
gfzzw.com
ggcqp.com
ggixb.com
ggnbc.com
ggtomm.com
ghjph.com
giglrr.com
gjogos.com
gllook.com
gmvmd.com
goobnb.com
gsjjjc.com
gududy.com
gujaa.com
gunnou.com
gunnue.com
guonou.com
gwalll.com
gybxy.com
gyigo.com
gymrr.com
gytit.com
gytmyg.com
gyydq.com
gzghgk.com
gzhdhz.com
gzjxjg.com
gzzhbg.com
hadafa.com
hamgg.com
haowaw.com
hayehe.com
hbhxbc.com
hbllwl.com
hbwkhb.com
hcmcs.com
hdbbk.com
hecsc.com
hethot.com
hffzl.com
hfsph.com
hfyyjj.com
hhbyjy.com
hitdd.com
hivei.com
hjbjr.com
hkmyh.com
hlleg.com
hmobo.com
hnbnnj.com
hnghb.com
hnhhjm.com
hnhjf.com
hnhxhg.com
hnlfn.com
hnqnx.com
hnyzzn.com
hnzhzy.com
hooiu.com
howkow.com
hsppe.com
huarh.com
hvvas.com
hxddt.com
hyanan.com
hybzh.com
hyjyc.com
hzghgk.com
hzlzhf.com
hzsesh.com
hzsshi.com
hzxzt.com
iaaiko.com
iaiwei.com
iapak.com
ibnba.com
ibnbd.com
ibnbm.com
ibnbo.com
ibnbs.com
ibnbx.com
ibnbz.com
ibzic.com
icarri.com
icbiti.com
icchhb.com
icdccg.com
icdccq.com
icdcct.com
icdccx.com
iciae.com
iciaj.com
iciap.com
iciau.com
iciay.com
icidb.com
icids.com
icidv.com
icidx.com
iciqaq.com
iciqqs.com
icoboc.com
icocor.com
iczccb.com
iczgz.com
ifimmo.com
ifmvi.com
ifodi.com
iggkf.com
iifon.com
iizen.com
imcio.com
injih.com
inxinh.com
iocdc.com
iopoli.com
iouyo.com
ipgag.com
ipvoo.com
irimb.com
irkoi.com
istikk.com
iyies.com
iyuqiu.com
izaggz.com
jaooc.com
jawmw.com
jbjco.com
jeope.com
jhwtj.com
jiuqq.com
jjcdxd.com
jjiaxi.com
jjolle.com
jjtaza.com
jljtjx.com
jlmjwj.com
jlsos.com
jmdsj.com
jmobo.com
jnhjz.com
jnjnsd.com
jnppw.com
jrjkf.com
jsmjgs.com
jssbg.com
jtait.com
jujups.com
juppl.com
jwhqq.com
jxhzzj.com
jxjaxs.com
jxssmm.com
jxwpj.com
jxzjpx.com
jyjjdz.com
jyljzz.com
jyywjx.com
jzjgd.com
jzqxx.com
kaanu.com
khaau.com
kiide.com
kikdoo.com
kkatoo.com
kknar.com
klcvc.com
kmxxsm.com
koohu.com
kopoke.com
koronk.com
kozzee.com
kryys.com
kskdi.com
kslaa.com
kssxbb.com
kwekie.com
kwwse.com
kzwhw.com
laoqq.com
lbsml.com
lccsr.com
lcyyyd.com
lddhz.com
ldjcc.com
ldljs.com
leevp.com
leffeh.com
lglbz.com
lilene.com
liwif.com
lklxdl.com
lldea.com
lleyi.com
lmobo.com
lonclo.com
lqrrqp.com
lsslgc.com
lunnel.com
lxllsw.com
lxsxw.com
lylyjz.com
lyxtt.com
lyyytq.com
lzljzc.com
lzzdj.com
maaggo.com
macact.com
mamisa.com
mccbz.com
mfflr.com
mflsm.com
mgome.com
miaggi.com
mikizi.com
mipij.com
mirior.com
mizaaz.com
mjnyj.com
mlimn.com
mlssv.com
mmafz.com
mmmzyl.com
mmstds.com
mochm.com
mongn.com
moovmt.com
moozd.com
mrfrt.com
msnsc.com
mswme.com
mttse.com
mttstl.com
munfun.com
mwaca.com
mxxxcy.com
myonn.com
mzjhjz.com
nandng.com
nbbhd.com
nccbe.com
nccwv.com
ndnsc.com
neweie.com
njnsjx.com
njycjj.com
nmdrm.com
nmmzl.com
nmwow.com
notonk.com
nrporn.com
nssong.com
numup.com
nunli.com
nyhymy.com
nynxin.com
obeie.com
obizbo.com
obvtv.com
ogcom.com
okccy.com
okjjs.com
opcii.com
osfms.com
ostous.com
pampg.com
pbbzc.com
pdtapp.com
peeapi.com
peneez.com
pexeq.com
piitl.com
piotio.com
pkssd.com
pmobo.com
pobpc.com
pohkok.com
ppbyw.com
ppclw.com
pprov.com
psbbq.com
psshqq.com
ptppay.com
pzjhj.com
pzqggp.com
pzzmb.com
qcscj.com
qcsps.com
qdfed.com
qgkge.com
qiziyy.com
qqdjyy.com
qqhmxh.com
qqrmyy.com
qqwet.com
qssla.com
qssly.com
qsznn.com
qxxsjx.com
qzixi.com
rayanr.com
rbaeb.com
rbser.com
replrp.com
rerig.com
rggnyy.com
rhjjjc.com
ribrn.com
rigril.com
risesi.com
rljrjd.com
rmobo.com
rolree.com
rttse.com
rtuiu.com
rubour.com
rxrgy.com
rxzxyy.com
ryhoh.com
rylol.com
ryyse.com
rzjjzs.com
saeeye.com
samame.com
saxxes.com
saybab.com
sboseo.com
scctz.com
sczcsl.com
sdhhts.com
sdhkkd.com
sdsydz.com
seala.com
seasf.com
seenre.com
sellbb.com
seyets.com
sfbaba.com
shaiss.com
shhzn.com
shhzx.com
shosoc.com
shoszs.com
shygsy.com
silila.com
sincin.com
slwsxx.com
smsrls.com
smsuse.com
smyxx.com
sosann.com
sphash.com
sqeen.com
stsapa.com
suacs.com
suaoo.com
sumsx.com
svecsc.com
sxjjwx.com
syfssc.com
syidi.com
symjs.com
synsms.com
sypty.com
syrayy.com
syyymb.com
syyynx.com
szsqzx.com
szszpw.com
szxgzs.com
szzsjc.com
taiddi.com
taozzz.com
tatbj.com
tbxst.com
tcldc.com
tdqth.com
tepejj.com
tfjjn.com
tgtch.com
tibui.com
titqx.com
tjgllj.com
tjzff.com
tkeyt.com
tktol.com
tllirr.com
tmatb.com
tmsmy.com
tobwwt.com
toeten.com
tooput.com
toputp.com
tqnxn.com
trjcr.com
trnxt.com
ttgrm.com
ttrgm.com
ttsisp.com
tuanun.com
tupaa.com
tutojo.com
tutpl.com
tuulr.com
twont.com
twtlc.com
txjyxj.com
tygym.com
tyzet.com
tzgppz.com
ucupe.com
ufukx.com
uirbi.com
ultlux.com
umiuti.com
unuts.com
urlug.com
urummi.com
usxxr.com
uttllc.com
uvdyy.com
vattc.com
vcicbb.com
vehha.com
viidiz.com
vinnav.com
vnevin.com
vnnse.com
voocou.com
vozoom.com
vpmvt.com
vugou.com
waiav.com
waixx.com
watmat.com
wbbio.com
wesowe.com
wewope.com
whwnq.com
wicoc.com
wiwol.com
wjgpj.com
wjhhyh.com
wjiwoo.com
wldlg.com
wlwsm.com
wmlsm.com
wogol.com
wooxlw.com
wpsoo.com
wpxex.com
wsjtjt.com
wvsbs.com
wwcnzz.com
wwfmg.com
wwlyg.com
wwmon.com
wwmop.com
wwsxsm.com
wwuxi.com
wwwsey.com
wxxjhj.com
wygbb.com
xaxjjs.com
xazbx.com
xchcjx.com
xgscgc.com
xgydd.com
xhddyy.com
xixikm.com
xjshxx.com
xkjckj.com
xlkvx.com
xlycy.com
xmshsm.com
xnnse.com
xpipa.com
xrkgx.com
xsxyf.com
xtygy.com
xunkx.com
xxblg.com
xykooo.com
xyzzmm.com
xzcjcc.com
xzhhdz.com
yaelya.com
ybcyyz.com
ycqyj.com
ycwnw.com
yeewaa.com
yeike.com
yeweoo.com
yeyemn.com
yeyuru.com
yfdyx.com
ygmygw.com
yhffm.com
yjcnj.com
yjpmj.com
yllxmy.com
ymnyc.com
ymobo.com
ynady.com
ynwwl.com
ynyzd.com
ynzngg.com
yobbox.com
yooomi.com
yoovon.com
yqqldq.com
yqxtx.com
ysdsx.com
ystsl.com
ystycy.com
ytshy.com
ywwen.com
ywzzq.com
yxcece.com
yxdgg.com
yxfjj.com
yxlxtx.com
yxtzyz.com
yxxst.com
yyfpay.com
yyhns.com
yyhon.com
yyjkl.com
yyqxi.com
yyswx.com
yzhbh.com
yzytd.com
yzzse.com
zaiwz.com
zannal.com
zarafr.com
zcdpcc.com
zdgtzg.com
zdmma.com
zdnxx.com
zegep.com
zglbg.com
zgzzlw.com
zhihsh.com
zhjcc.com
zhxxtx.com
